
Gurobi 10.0.2 (mac64[arm]) logging started Thu Aug 10 20:35:31 2023

Set parameter LogFile to value "evaluations/job_default/array_default/pesp_solver.log"
Gurobi Optimizer version 10.0.2 build v10.0.2rc0 (mac64[arm])

CPU model: Apple M1
Thread count: 8 physical cores, 8 logical processors, using up to 4 threads

Optimize a model with 101 rows, 57 columns and 171 nonzeros
Model fingerprint: 0x6e35cad8
Variable types: 0 continuous, 57 integer (0 binary)
Coefficient statistics:
  Matrix range     [1e+00, 6e+01]
  Objective range  [1e+01, 3e+02]
  Bounds range     [0e+00, 0e+00]
  RHS range        [1e+00, 6e+01]
Presolve removed 90 rows and 17 columns
Presolve time: 0.00s
Presolved: 11 rows, 40 columns, 66 nonzeros
Variable types: 0 continuous, 40 integer (1 binary)
Found heuristic solution: objective 22449.000000

Root relaxation: objective 9.173000e+03, 11 iterations, 0.00 seconds (0.00 work units)

    Nodes    |    Current Node    |     Objective Bounds      |     Work
 Expl Unexpl |  Obj  Depth IntInf | Incumbent    BestBd   Gap | It/Node Time

     0     0 9173.00000    0    8 22449.0000 9173.00000  59.1%     -    0s
H    0     0                    21569.000000 9173.00000  57.5%     -    0s
H    0     0                    17157.000000 9173.00000  46.5%     -    0s
     0     0 11004.7766    0   14 17157.0000 11004.7766  35.9%     -    0s
H    0     0                    13327.000000 11004.7766  17.4%     -    0s

Cutting planes:
  Gomory: 8
  MIR: 15
  StrongCG: 2
  Mod-K: 2

Explored 1 nodes (18 simplex iterations) in 0.01 seconds (0.00 work units)
Thread count was 4 (of 8 available processors)

Solution count 4: 13327 17157 21569 22449 

Optimal solution found (tolerance 1.00e-04)
Best objective 1.332700000000e+04, best bound 1.332700000000e+04, gap 0.0000%

Gurobi 10.0.2 (mac64[arm]) logging started Thu Aug 10 20:37:39 2023

Set parameter LogFile to value "evaluations/job_default/array_default/pesp_solver.log"
Gurobi Optimizer version 10.0.2 build v10.0.2rc0 (mac64[arm])

CPU model: Apple M1
Thread count: 8 physical cores, 8 logical processors, using up to 4 threads

Optimize a model with 101 rows, 57 columns and 171 nonzeros
Model fingerprint: 0x6e35cad8
Variable types: 0 continuous, 57 integer (0 binary)
Coefficient statistics:
  Matrix range     [1e+00, 6e+01]
  Objective range  [1e+01, 3e+02]
  Bounds range     [0e+00, 0e+00]
  RHS range        [1e+00, 6e+01]
Presolve removed 90 rows and 17 columns
Presolve time: 0.00s
Presolved: 11 rows, 40 columns, 66 nonzeros
Variable types: 0 continuous, 40 integer (1 binary)
Found heuristic solution: objective 22449.000000

Root relaxation: objective 9.173000e+03, 11 iterations, 0.00 seconds (0.00 work units)

    Nodes    |    Current Node    |     Objective Bounds      |     Work
 Expl Unexpl |  Obj  Depth IntInf | Incumbent    BestBd   Gap | It/Node Time

     0     0 9173.00000    0    8 22449.0000 9173.00000  59.1%     -    0s
H    0     0                    21569.000000 9173.00000  57.5%     -    0s
H    0     0                    17157.000000 9173.00000  46.5%     -    0s
     0     0 11004.7766    0   14 17157.0000 11004.7766  35.9%     -    0s
H    0     0                    13327.000000 11004.7766  17.4%     -    0s

Cutting planes:
  Gomory: 8
  MIR: 15
  StrongCG: 2
  Mod-K: 2

Explored 1 nodes (18 simplex iterations) in 0.01 seconds (0.00 work units)
Thread count was 4 (of 8 available processors)

Solution count 4: 13327 17157 21569 22449 

Optimal solution found (tolerance 1.00e-04)
Best objective 1.332700000000e+04, best bound 1.332700000000e+04, gap 0.0000%

Gurobi 10.0.2 (mac64[arm]) logging started Thu Aug 10 20:49:00 2023

Set parameter LogFile to value "evaluations/job_default/array_default/pesp_solver.log"
Gurobi Optimizer version 10.0.2 build v10.0.2rc0 (mac64[arm])

CPU model: Apple M1
Thread count: 8 physical cores, 8 logical processors, using up to 4 threads

Optimize a model with 101 rows, 57 columns and 171 nonzeros
Model fingerprint: 0x09169d78
Variable types: 0 continuous, 57 integer (0 binary)
Coefficient statistics:
  Matrix range     [1e+00, 6e+01]
  Objective range  [1e+01, 5e+02]
  Bounds range     [0e+00, 0e+00]
  RHS range        [1e+00, 6e+01]
Presolve removed 90 rows and 14 columns
Presolve time: 0.00s
Presolved: 11 rows, 43 columns, 69 nonzeros
Variable types: 0 continuous, 43 integer (1 binary)
Found heuristic solution: objective 29606.000000

Root relaxation: objective 1.721000e+04, 11 iterations, 0.00 seconds (0.00 work units)

    Nodes    |    Current Node    |     Objective Bounds      |     Work
 Expl Unexpl |  Obj  Depth IntInf | Incumbent    BestBd   Gap | It/Node Time

     0     0 17210.0000    0    8 29606.0000 17210.0000  41.9%     -    0s
H    0     0                    25607.000000 19041.7766  25.6%     -    0s
     0     0 19041.7766    0   14 25607.0000 19041.7766  25.6%     -    0s
H    0     0                    25436.000000 19041.7766  25.1%     -    0s
H    0     0                    22501.000000 19041.7766  15.4%     -    0s
H    0     0                    21364.000000 19041.7766  10.9%     -    0s

Cutting planes:
  Gomory: 7
  MIR: 15
  StrongCG: 2
  Mod-K: 2

Explored 1 nodes (19 simplex iterations) in 0.01 seconds (0.00 work units)
Thread count was 4 (of 8 available processors)

Solution count 5: 21364 22501 25436 ... 29606

Optimal solution found (tolerance 1.00e-04)
Best objective 2.136400000000e+04, best bound 2.136400000000e+04, gap 0.0000%

Gurobi 10.0.2 (mac64[arm]) logging started Fri Aug 11 00:07:08 2023

Set parameter LogFile to value "evaluations/job_default/array_default/pesp_solver.log"
Gurobi Optimizer version 10.0.2 build v10.0.2rc0 (mac64[arm])

CPU model: Apple M1
Thread count: 8 physical cores, 8 logical processors, using up to 4 threads

Optimize a model with 101 rows, 57 columns and 171 nonzeros
Model fingerprint: 0x09169d78
Variable types: 0 continuous, 57 integer (0 binary)
Coefficient statistics:
  Matrix range     [1e+00, 6e+01]
  Objective range  [1e+01, 5e+02]
  Bounds range     [0e+00, 0e+00]
  RHS range        [1e+00, 6e+01]
Presolve removed 90 rows and 14 columns
Presolve time: 0.00s
Presolved: 11 rows, 43 columns, 69 nonzeros
Variable types: 0 continuous, 43 integer (1 binary)
Found heuristic solution: objective 29606.000000

Root relaxation: objective 1.721000e+04, 11 iterations, 0.00 seconds (0.00 work units)

    Nodes    |    Current Node    |     Objective Bounds      |     Work
 Expl Unexpl |  Obj  Depth IntInf | Incumbent    BestBd   Gap | It/Node Time

     0     0 17210.0000    0    8 29606.0000 17210.0000  41.9%     -    0s
H    0     0                    25607.000000 19041.7766  25.6%     -    0s
     0     0 19041.7766    0   14 25607.0000 19041.7766  25.6%     -    0s
H    0     0                    25436.000000 19041.7766  25.1%     -    0s
H    0     0                    22501.000000 19041.7766  15.4%     -    0s
H    0     0                    21364.000000 19041.7766  10.9%     -    0s

Cutting planes:
  Gomory: 7
  MIR: 15
  StrongCG: 2
  Mod-K: 2

Explored 1 nodes (19 simplex iterations) in 0.00 seconds (0.00 work units)
Thread count was 4 (of 8 available processors)

Solution count 5: 21364 22501 25436 ... 29606

Optimal solution found (tolerance 1.00e-04)
Best objective 2.136400000000e+04, best bound 2.136400000000e+04, gap 0.0000%

Gurobi 10.0.2 (mac64[arm]) logging started Fri Aug 11 00:09:03 2023

Set parameter LogFile to value "evaluations/job_default/array_default/pesp_solver.log"
Gurobi Optimizer version 10.0.2 build v10.0.2rc0 (mac64[arm])

CPU model: Apple M1
Thread count: 8 physical cores, 8 logical processors, using up to 1 threads

Optimize a model with 101 rows, 57 columns and 171 nonzeros
Model fingerprint: 0x09169d78
Variable types: 0 continuous, 57 integer (0 binary)
Coefficient statistics:
  Matrix range     [1e+00, 6e+01]
  Objective range  [1e+01, 5e+02]
  Bounds range     [0e+00, 0e+00]
  RHS range        [1e+00, 6e+01]
Presolve removed 90 rows and 14 columns
Presolve time: 0.00s
Presolved: 11 rows, 43 columns, 69 nonzeros
Variable types: 0 continuous, 43 integer (1 binary)
Found heuristic solution: objective 29606.000000

Root relaxation: objective 1.721000e+04, 11 iterations, 0.00 seconds (0.00 work units)

    Nodes    |    Current Node    |     Objective Bounds      |     Work
 Expl Unexpl |  Obj  Depth IntInf | Incumbent    BestBd   Gap | It/Node Time

     0     0 17210.0000    0    8 29606.0000 17210.0000  41.9%     -    0s
     0     0 19041.7766    0   14 29606.0000 19041.7766  35.7%     -    0s
H    0     0                    21364.000000 19041.7766  10.9%     -    0s
     0     0 19749.1980    0   12 21364.0000 19749.1980  7.56%     -    0s
     0     0 19750.6047    0   10 21364.0000 19750.6047  7.55%     -    0s
     0     0 19777.7813    0   10 21364.0000 19777.7813  7.42%     -    0s
     0     0 20000.1860    0   10 21364.0000 20000.1860  6.38%     -    0s
     0     0 21138.6346    0   13 21364.0000 21138.6346  1.05%     -    0s
     0     0     cutoff    0      21364.0000 21364.0000  0.00%     -    0s

Cutting planes:
  Gomory: 2
  MIR: 21
  StrongCG: 1
  Mod-K: 3

Explored 1 nodes (48 simplex iterations) in 0.02 seconds (0.00 work units)
Thread count was 1 (of 8 available processors)

Solution count 2: 21364 29606 

Optimal solution found (tolerance 1.00e-04)
Best objective 2.136400000000e+04, best bound 2.136400000000e+04, gap 0.0000%

Gurobi 10.0.2 (mac64[arm]) logging started Fri Aug 11 00:10:56 2023

Set parameter LogFile to value "evaluations/job_default/array_default/pesp_solver.log"
Gurobi Optimizer version 10.0.2 build v10.0.2rc0 (mac64[arm])

CPU model: Apple M1
Thread count: 8 physical cores, 8 logical processors, using up to 1 threads

Optimize a model with 101 rows, 57 columns and 171 nonzeros
Model fingerprint: 0x09169d78
Variable types: 0 continuous, 57 integer (0 binary)
Coefficient statistics:
  Matrix range     [1e+00, 6e+01]
  Objective range  [1e+01, 5e+02]
  Bounds range     [0e+00, 0e+00]
  RHS range        [1e+00, 6e+01]
Presolve removed 90 rows and 14 columns
Presolve time: 0.00s
Presolved: 11 rows, 43 columns, 69 nonzeros
Variable types: 0 continuous, 43 integer (1 binary)
Found heuristic solution: objective 29606.000000

Root relaxation: objective 1.721000e+04, 11 iterations, 0.00 seconds (0.00 work units)

    Nodes    |    Current Node    |     Objective Bounds      |     Work
 Expl Unexpl |  Obj  Depth IntInf | Incumbent    BestBd   Gap | It/Node Time

     0     0 17210.0000    0    8 29606.0000 17210.0000  41.9%     -    0s
     0     0 19041.7766    0   14 29606.0000 19041.7766  35.7%     -    0s
H    0     0                    21364.000000 19041.7766  10.9%     -    0s
     0     0 19749.1980    0   12 21364.0000 19749.1980  7.56%     -    0s
     0     0 19750.6047    0   10 21364.0000 19750.6047  7.55%     -    0s
     0     0 19777.7813    0   10 21364.0000 19777.7813  7.42%     -    0s
     0     0 20000.1860    0   10 21364.0000 20000.1860  6.38%     -    0s
     0     0 21138.6346    0   13 21364.0000 21138.6346  1.05%     -    0s
     0     0     cutoff    0      21364.0000 21364.0000  0.00%     -    0s

Cutting planes:
  Gomory: 2
  MIR: 21
  StrongCG: 1
  Mod-K: 3

Explored 1 nodes (48 simplex iterations) in 0.01 seconds (0.00 work units)
Thread count was 1 (of 8 available processors)

Solution count 2: 21364 29606 

Optimal solution found (tolerance 1.00e-04)
Best objective 2.136400000000e+04, best bound 2.136400000000e+04, gap 0.0000%

Gurobi 10.0.2 (mac64[arm]) logging started Fri Aug 11 00:12:32 2023

Set parameter LogFile to value "evaluations/job_default/array_default/pesp_solver.log"
Gurobi Optimizer version 10.0.2 build v10.0.2rc0 (mac64[arm])

CPU model: Apple M1
Thread count: 8 physical cores, 8 logical processors, using up to 1 threads

Optimize a model with 101 rows, 57 columns and 171 nonzeros
Model fingerprint: 0x09169d78
Variable types: 0 continuous, 57 integer (0 binary)
Coefficient statistics:
  Matrix range     [1e+00, 6e+01]
  Objective range  [1e+01, 5e+02]
  Bounds range     [0e+00, 0e+00]
  RHS range        [1e+00, 6e+01]
Presolve removed 90 rows and 14 columns
Presolve time: 0.00s
Presolved: 11 rows, 43 columns, 69 nonzeros
Variable types: 0 continuous, 43 integer (1 binary)
Found heuristic solution: objective 29606.000000

Root relaxation: objective 1.721000e+04, 11 iterations, 0.00 seconds (0.00 work units)

    Nodes    |    Current Node    |     Objective Bounds      |     Work
 Expl Unexpl |  Obj  Depth IntInf | Incumbent    BestBd   Gap | It/Node Time

     0     0 17210.0000    0    8 29606.0000 17210.0000  41.9%     -    0s
     0     0 19041.7766    0   14 29606.0000 19041.7766  35.7%     -    0s
H    0     0                    21364.000000 19041.7766  10.9%     -    0s
     0     0 19749.1980    0   12 21364.0000 19749.1980  7.56%     -    0s
     0     0 19750.6047    0   10 21364.0000 19750.6047  7.55%     -    0s
     0     0 19777.7813    0   10 21364.0000 19777.7813  7.42%     -    0s
     0     0 20000.1860    0   10 21364.0000 20000.1860  6.38%     -    0s
     0     0 21138.6346    0   13 21364.0000 21138.6346  1.05%     -    0s
     0     0     cutoff    0      21364.0000 21364.0000  0.00%     -    0s

Cutting planes:
  Gomory: 2
  MIR: 21
  StrongCG: 1
  Mod-K: 3

Explored 1 nodes (48 simplex iterations) in 0.01 seconds (0.00 work units)
Thread count was 1 (of 8 available processors)

Solution count 2: 21364 29606 

Optimal solution found (tolerance 1.00e-04)
Best objective 2.136400000000e+04, best bound 2.136400000000e+04, gap 0.0000%

Gurobi 10.0.2 (mac64[arm]) logging started Fri Aug 11 00:16:50 2023

Set parameter LogFile to value "evaluations/job_default/array_default/pesp_solver.log"
Gurobi Optimizer version 10.0.2 build v10.0.2rc0 (mac64[arm])

CPU model: Apple M1
Thread count: 8 physical cores, 8 logical processors, using up to 1 threads

Optimize a model with 101 rows, 57 columns and 171 nonzeros
Model fingerprint: 0x09169d78
Variable types: 0 continuous, 57 integer (0 binary)
Coefficient statistics:
  Matrix range     [1e+00, 6e+01]
  Objective range  [1e+01, 5e+02]
  Bounds range     [0e+00, 0e+00]
  RHS range        [1e+00, 6e+01]
Presolve removed 90 rows and 14 columns
Presolve time: 0.00s
Presolved: 11 rows, 43 columns, 69 nonzeros
Variable types: 0 continuous, 43 integer (1 binary)
Found heuristic solution: objective 29606.000000

Root relaxation: objective 1.721000e+04, 11 iterations, 0.00 seconds (0.00 work units)

    Nodes    |    Current Node    |     Objective Bounds      |     Work
 Expl Unexpl |  Obj  Depth IntInf | Incumbent    BestBd   Gap | It/Node Time

     0     0 17210.0000    0    8 29606.0000 17210.0000  41.9%     -    0s
     0     0 19041.7766    0   14 29606.0000 19041.7766  35.7%     -    0s
H    0     0                    21364.000000 19041.7766  10.9%     -    0s
     0     0 19749.1980    0   12 21364.0000 19749.1980  7.56%     -    0s
     0     0 19750.6047    0   10 21364.0000 19750.6047  7.55%     -    0s
     0     0 19777.7813    0   10 21364.0000 19777.7813  7.42%     -    0s
     0     0 20000.1860    0   10 21364.0000 20000.1860  6.38%     -    0s
     0     0 21138.6346    0   13 21364.0000 21138.6346  1.05%     -    0s
     0     0     cutoff    0      21364.0000 21364.0000  0.00%     -    0s

Cutting planes:
  Gomory: 2
  MIR: 21
  StrongCG: 1
  Mod-K: 3

Explored 1 nodes (48 simplex iterations) in 0.02 seconds (0.00 work units)
Thread count was 1 (of 8 available processors)

Solution count 2: 21364 29606 

Optimal solution found (tolerance 1.00e-04)
Best objective 2.136400000000e+04, best bound 2.136400000000e+04, gap 0.0000%

Gurobi 10.0.2 (mac64[arm]) logging started Fri Aug 11 00:17:44 2023

Set parameter LogFile to value "evaluations/job_default/array_default/pesp_solver.log"
Gurobi Optimizer version 10.0.2 build v10.0.2rc0 (mac64[arm])

CPU model: Apple M1
Thread count: 8 physical cores, 8 logical processors, using up to 1 threads

Optimize a model with 101 rows, 57 columns and 171 nonzeros
Model fingerprint: 0x09169d78
Variable types: 0 continuous, 57 integer (0 binary)
Coefficient statistics:
  Matrix range     [1e+00, 6e+01]
  Objective range  [1e+01, 5e+02]
  Bounds range     [0e+00, 0e+00]
  RHS range        [1e+00, 6e+01]
Presolve removed 90 rows and 14 columns
Presolve time: 0.00s
Presolved: 11 rows, 43 columns, 69 nonzeros
Variable types: 0 continuous, 43 integer (1 binary)
Found heuristic solution: objective 29606.000000

Root relaxation: objective 1.721000e+04, 11 iterations, 0.00 seconds (0.00 work units)

    Nodes    |    Current Node    |     Objective Bounds      |     Work
 Expl Unexpl |  Obj  Depth IntInf | Incumbent    BestBd   Gap | It/Node Time

     0     0 17210.0000    0    8 29606.0000 17210.0000  41.9%     -    0s
     0     0 19041.7766    0   14 29606.0000 19041.7766  35.7%     -    0s
H    0     0                    21364.000000 19041.7766  10.9%     -    0s
     0     0 19749.1980    0   12 21364.0000 19749.1980  7.56%     -    0s
     0     0 19750.6047    0   10 21364.0000 19750.6047  7.55%     -    0s
     0     0 19777.7813    0   10 21364.0000 19777.7813  7.42%     -    0s
     0     0 20000.1860    0   10 21364.0000 20000.1860  6.38%     -    0s
     0     0 21138.6346    0   13 21364.0000 21138.6346  1.05%     -    0s
     0     0     cutoff    0      21364.0000 21364.0000  0.00%     -    0s

Cutting planes:
  Gomory: 2
  MIR: 21
  StrongCG: 1
  Mod-K: 3

Explored 1 nodes (48 simplex iterations) in 0.02 seconds (0.00 work units)
Thread count was 1 (of 8 available processors)

Solution count 2: 21364 29606 

Optimal solution found (tolerance 1.00e-04)
Best objective 2.136400000000e+04, best bound 2.136400000000e+04, gap 0.0000%

Gurobi 10.0.2 (mac64[arm]) logging started Fri Aug 11 00:18:24 2023

Set parameter LogFile to value "evaluations/job_default/array_default/pesp_solver.log"
Gurobi Optimizer version 10.0.2 build v10.0.2rc0 (mac64[arm])

CPU model: Apple M1
Thread count: 8 physical cores, 8 logical processors, using up to 1 threads

Optimize a model with 101 rows, 57 columns and 171 nonzeros
Model fingerprint: 0x09169d78
Variable types: 0 continuous, 57 integer (0 binary)
Coefficient statistics:
  Matrix range     [1e+00, 6e+01]
  Objective range  [1e+01, 5e+02]
  Bounds range     [0e+00, 0e+00]
  RHS range        [1e+00, 6e+01]
Presolve removed 90 rows and 14 columns
Presolve time: 0.00s
Presolved: 11 rows, 43 columns, 69 nonzeros
Variable types: 0 continuous, 43 integer (1 binary)
Found heuristic solution: objective 29606.000000

Root relaxation: objective 1.721000e+04, 11 iterations, 0.00 seconds (0.00 work units)

    Nodes    |    Current Node    |     Objective Bounds      |     Work
 Expl Unexpl |  Obj  Depth IntInf | Incumbent    BestBd   Gap | It/Node Time

     0     0 17210.0000    0    8 29606.0000 17210.0000  41.9%     -    0s
     0     0 19041.7766    0   14 29606.0000 19041.7766  35.7%     -    0s
H    0     0                    21364.000000 19041.7766  10.9%     -    0s
     0     0 19749.1980    0   12 21364.0000 19749.1980  7.56%     -    0s
     0     0 19750.6047    0   10 21364.0000 19750.6047  7.55%     -    0s
     0     0 19777.7813    0   10 21364.0000 19777.7813  7.42%     -    0s
     0     0 20000.1860    0   10 21364.0000 20000.1860  6.38%     -    0s
     0     0 21138.6346    0   13 21364.0000 21138.6346  1.05%     -    0s
     0     0     cutoff    0      21364.0000 21364.0000  0.00%     -    0s

Cutting planes:
  Gomory: 2
  MIR: 21
  StrongCG: 1
  Mod-K: 3

Explored 1 nodes (48 simplex iterations) in 0.01 seconds (0.00 work units)
Thread count was 1 (of 8 available processors)

Solution count 2: 21364 29606 

Optimal solution found (tolerance 1.00e-04)
Best objective 2.136400000000e+04, best bound 2.136400000000e+04, gap 0.0000%

Gurobi 10.0.2 (mac64[arm]) logging started Fri Aug 11 00:19:23 2023

Set parameter LogFile to value "evaluations/job_default/array_default/pesp_solver.log"
Gurobi Optimizer version 10.0.2 build v10.0.2rc0 (mac64[arm])

CPU model: Apple M1
Thread count: 8 physical cores, 8 logical processors, using up to 4 threads

Optimize a model with 101 rows, 57 columns and 171 nonzeros
Model fingerprint: 0x09169d78
Variable types: 0 continuous, 57 integer (0 binary)
Coefficient statistics:
  Matrix range     [1e+00, 6e+01]
  Objective range  [1e+01, 5e+02]
  Bounds range     [0e+00, 0e+00]
  RHS range        [1e+00, 6e+01]
Presolve removed 90 rows and 14 columns
Presolve time: 0.00s
Presolved: 11 rows, 43 columns, 69 nonzeros
Variable types: 0 continuous, 43 integer (1 binary)
Found heuristic solution: objective 29606.000000

Root relaxation: objective 1.721000e+04, 11 iterations, 0.00 seconds (0.00 work units)

    Nodes    |    Current Node    |     Objective Bounds      |     Work
 Expl Unexpl |  Obj  Depth IntInf | Incumbent    BestBd   Gap | It/Node Time

     0     0 17210.0000    0    8 29606.0000 17210.0000  41.9%     -    0s
H    0     0                    25607.000000 19041.7766  25.6%     -    0s
     0     0 19041.7766    0   14 25607.0000 19041.7766  25.6%     -    0s
H    0     0                    25436.000000 19041.7766  25.1%     -    0s
H    0     0                    22501.000000 19041.7766  15.4%     -    0s
H    0     0                    21364.000000 19041.7766  10.9%     -    0s

Cutting planes:
  Gomory: 7
  MIR: 15
  StrongCG: 2
  Mod-K: 2

Explored 1 nodes (19 simplex iterations) in 0.01 seconds (0.00 work units)
Thread count was 4 (of 8 available processors)

Solution count 5: 21364 22501 25436 ... 29606

Optimal solution found (tolerance 1.00e-04)
Best objective 2.136400000000e+04, best bound 2.136400000000e+04, gap 0.0000%

Gurobi 10.0.2 (mac64[arm]) logging started Fri Aug 11 00:22:49 2023

Set parameter LogFile to value "evaluations/job_default/array_default/pesp_solver.log"
Gurobi Optimizer version 10.0.2 build v10.0.2rc0 (mac64[arm])

CPU model: Apple M1
Thread count: 8 physical cores, 8 logical processors, using up to 1 threads

Optimize a model with 3109 rows, 2021 columns and 7447 nonzeros
Model fingerprint: 0x67b4b3c0
Variable types: 0 continuous, 2021 integer (0 binary)
Coefficient statistics:
  Matrix range     [1e+00, 6e+01]
  Objective range  [1e+01, 4e+02]
  Bounds range     [0e+00, 0e+00]
  RHS range        [1e+00, 6e+01]
Presolve removed 2933 rows and 1641 columns
Presolve time: 0.00s
Presolved: 176 rows, 380 columns, 836 nonzeros
Variable types: 0 continuous, 380 integer (58 binary)

Root relaxation: objective 1.620400e+04, 167 iterations, 0.00 seconds (0.00 work units)

    Nodes    |    Current Node    |     Objective Bounds      |     Work
 Expl Unexpl |  Obj  Depth IntInf | Incumbent    BestBd   Gap | It/Node Time

     0     0 16204.0000    0   65          - 16204.0000      -     -    0s
     0     0 16204.0000    0   93          - 16204.0000      -     -    0s
     0     0 16204.0000    0   94          - 16204.0000      -     -    0s
     0     0 16204.0000    0   72          - 16204.0000      -     -    0s
     0     0 16204.0000    0   78          - 16204.0000      -     -    0s
     0     0 16204.0000    0   59          - 16204.0000      -     -    0s
     0     0 16204.0000    0   56          - 16204.0000      -     -    0s
     0     2 16204.0000    0   56          - 16204.0000      -     -    0s
*  405   185              76    17846.000000 16204.0000  9.20%   5.3    0s
H  410   179                    17776.000000 16204.0000  8.84%   5.3    0s
H  510   226                    17412.000000 16204.0000  6.94%   5.4    0s
*  857   300              72    17180.000000 16330.0000  4.95%  12.5    0s
*  863   282              73    17002.000000 16330.0000  3.95%  12.4    0s
*  865   240              74    16735.000000 16330.0000  2.42%  12.4    0s
H  887   215                    16625.000000 16330.0000  1.77%  12.4    0s
*  974   178              51    16536.000000 16330.0000  1.25%  12.2    0s

Cutting planes:
  Gomory: 52
  Cover: 5
  Implied bound: 21
  MIR: 65
  StrongCG: 4
  Flow cover: 13
  Inf proof: 7
  Zero half: 5

Explored 1394 nodes (20544 simplex iterations) in 0.88 seconds (0.69 work units)
Thread count was 1 (of 8 available processors)

Solution count 8: 16536 16625 16735 ... 17846

Optimal solution found (tolerance 1.00e-04)
Best objective 1.653600000000e+04, best bound 1.653600000000e+04, gap 0.0000%

Gurobi 10.0.2 (mac64[arm]) logging started Fri Aug 11 00:23:11 2023

Set parameter LogFile to value "evaluations/job_default/array_default/pesp_solver.log"
Gurobi Optimizer version 10.0.2 build v10.0.2rc0 (mac64[arm])

CPU model: Apple M1
Thread count: 8 physical cores, 8 logical processors, using up to 1 threads

Optimize a model with 6755 rows, 4373 columns and 15981 nonzeros
Model fingerprint: 0xff379a36
Variable types: 0 continuous, 4373 integer (0 binary)
Coefficient statistics:
  Matrix range     [1e+00, 6e+01]
  Objective range  [1e+00, 3e+02]
  Bounds range     [0e+00, 0e+00]
  RHS range        [3e+00, 6e+01]
Presolve removed 6257 rows and 3219 columns
Presolve time: 0.01s
Presolved: 498 rows, 1154 columns, 2614 nonzeros
Variable types: 0 continuous, 1154 integer (118 binary)

Root relaxation: objective 4.476900e+04, 492 iterations, 0.00 seconds (0.00 work units)

    Nodes    |    Current Node    |     Objective Bounds      |     Work
 Expl Unexpl |  Obj  Depth IntInf | Incumbent    BestBd   Gap | It/Node Time

     0     0 44769.0000    0  236          - 44769.0000      -     -    0s
     0     0 44844.0000    0  332          - 44844.0000      -     -    0s
     0     0 44844.0000    0  340          - 44844.0000      -     -    0s
     0     0 45151.7146    0  382          - 45151.7146      -     -    0s
     0     0 45151.7146    0  391          - 45151.7146      -     -    0s
     0     0 45204.0154    0  465          - 45204.0154      -     -    0s
     0     0 45245.5761    0  387          - 45245.5761      -     -    0s
     0     0 45251.0876    0  392          - 45251.0876      -     -    0s
     0     0 45251.0876    0  421          - 45251.0876      -     -    0s
     0     0 45474.3850    0  422          - 45474.3850      -     -    0s
     0     0 45477.0091    0  378          - 45477.0091      -     -    0s
     0     0 45477.0091    0  445          - 45477.0091      -     -    0s
     0     0 45535.3825    0  406          - 45535.3825      -     -    0s
     0     0 45535.9118    0  425          - 45535.9118      -     -    0s
     0     0 45577.5954    0  431          - 45577.5954      -     -    0s
     0     0 45580.7252    0  461          - 45580.7252      -     -    0s
     0     0 45580.7252    0  443          - 45580.7252      -     -    0s
     0     0 45708.8727    0  462          - 45708.8727      -     -    0s
     0     0 45865.3960    0  454          - 45865.3960      -     -    0s
     0     0 45867.7185    0  414          - 45867.7185      -     -    0s
     0     0 45867.7185    0  453          - 45867.7185      -     -    0s
     0     0 46144.8203    0  451          - 46144.8203      -     -    0s
     0     0 46146.9263    0  435          - 46146.9263      -     -    0s
     0     0 46148.1802    0  456          - 46148.1802      -     -    0s
     0     0 46491.2383    0  467          - 46491.2383      -     -    0s
     0     0 46493.7808    0  476          - 46493.7808      -     -    0s
     0     0 46495.9490    0  458          - 46495.9490      -     -    0s
     0     0 46495.9490    0  495          - 46495.9490      -     -    0s
     0     0 46509.5624    0  444          - 46509.5624      -     -    0s
     0     0 46509.5624    0  372          - 46509.5624      -     -    0s
     0     2 46509.7860    0  346          - 46509.7860      -     -    0s
   682   528 47695.0792  160  522          - 47695.0792      -  58.9    5s
  1155   797 48132.1163   51  413          - 47790.7323      -  66.0   10s
  5005  3459 48256.1735   41  455          - 47795.0702      -  34.4   15s
  9747  7343 49638.9372   69  383          - 47803.0988      -  29.5   20s
 13556 10398 48539.4478   54  380          - 47807.2065      -  27.4   25s
 17582 13586 48730.5742   51  387          - 47812.2428      -  27.6   30s
H21416 16596                    68232.000000 47816.9498  29.9%  26.9   33s
H21416 16596                    65827.000000 47816.9498  27.4%  26.9   33s
H21416 16596                    65667.000000 47816.9498  27.2%  26.9   33s
H21442 16622                    64426.000000 47816.9498  25.8%  26.9   33s
H21443 16623                    64372.000000 47816.9498  25.7%  26.9   33s
H21472 16637                    64358.000000 47816.9498  25.7%  26.8   33s
H21498 16663                    64167.000000 47817.0308  25.5%  26.9   33s
H21524 16689                    63975.000000 47817.0308  25.3%  26.9   34s
H21526 16691                    63710.000000 47817.0308  24.9%  26.9   34s
H21550 16711                    63541.000000 47817.0308  24.7%  26.9   34s
H21576 16721                    63488.000000 47817.0308  24.7%  26.9   34s
H21580 16723                    63346.000000 47817.0308  24.5%  26.9   34s
H21603 16736                    63182.000000 47817.0308  24.3%  26.8   34s
H21629 16754                    63168.000000 47817.0542  24.3%  26.9   34s
H21655 16780                    62509.000000 47817.0542  23.5%  26.9   34s
H21681 16795                    62411.000000 47817.0542  23.4%  26.8   34s
H21733 16833                    62312.000000 47817.1006  23.3%  26.9   34s
H21759 16856                    61821.000000 47817.1006  22.7%  26.9   34s
H21785 16870                    61782.000000 47817.1549  22.6%  26.9   34s
H21811 16886                    61677.000000 47817.1920  22.5%  26.9   34s
H21837 16907                    60930.000000 47817.1920  21.5%  26.9   34s
H21916 16970                    60781.000000 47817.6015  21.3%  26.9   34s
H21932 16979                    60678.000000 47817.7806  21.2%  27.0   34s
H21942 16987                    60578.000000 47817.7806  21.1%  27.0   34s
H21969 17002                    60342.000000 47817.7806  20.8%  27.0   34s
 21987 17022 49521.7999   69  460 60342.0000 47817.9447  20.8%  27.0   35s
H22025 17046                    60260.000000 47817.9447  20.6%  27.0   35s
H22052 17054                    59976.000000 47818.0973  20.3%  27.0   35s
H22078 17064                    59798.000000 47818.3150  20.0%  27.0   35s
H22130 17099                    59780.000000 47818.4616  20.0%  27.0   35s
H22184 17126                    59678.000000 47818.7110  19.9%  27.0   35s
H22284 17180                    59521.000000 47819.0618  19.7%  27.1   35s
H22451 17293                    59517.000000 47819.1565  19.7%  27.2   36s
H22477 17253                    59308.000000 47819.2222  19.4%  27.2   36s
H22503 17276                    59300.000000 47819.2222  19.4%  27.2   36s
H22530 17292                    59298.000000 47819.2222  19.4%  27.2   36s
H22554 17301                    59291.000000 47819.3077  19.3%  27.3   36s
H22556 17162                    59059.000000 47819.3077  19.0%  27.3   36s
H22581 17029                    58542.000000 47819.3077  18.3%  27.3   36s
H22583 17026                    58534.000000 47819.3077  18.3%  27.3   36s
H22610 16980                    58424.000000 47819.3077  18.2%  27.2   36s
H22610 16901                    58225.000000 47819.3077  17.9%  27.2   36s
H22665 16930                    58167.000000 47819.4930  17.8%  27.3   37s
H22691 16878                    58038.000000 47819.5778  17.6%  27.3   37s
H22692 16852                    57953.000000 47819.5778  17.5%  27.3   37s
H22719 16863                    57893.000000 47819.6544  17.4%  27.4   37s
H22743 16883                    57892.000000 47819.6544  17.4%  27.3   37s
H22773 16896                    57870.000000 47819.7279  17.4%  27.4   37s
H22795 16900                    57774.000000 47819.7279  17.2%  27.4   37s
H23081 17096                    57722.000000 47820.4311  17.2%  27.5   38s
 23331 17300 55487.0000   83  120 57722.0000 47820.9761  17.2%  27.6   40s
H23447 17274                    57525.000000 47820.9957  16.9%  27.6   40s
H23453 17238                    57428.000000 47820.9957  16.7%  27.6   40s
H23777 17432                    57270.000000 47821.5246  16.5%  27.7   43s
H23892 17395                    57044.000000 47821.6627  16.2%  27.7   44s
H23912 17166                    56385.000000 47821.8263  15.2%  27.8   44s
H23966 17120                    56148.000000 47822.0051  14.8%  27.8   44s
H24047 17180                    56120.000000 47822.0595  14.8%  27.8   44s
 24056 17179 48657.1666   41  470 56120.0000 47822.2277  14.8%  27.9   45s
H24179 17245                    56066.000000 47822.2868  14.7%  27.9   45s
H24186 17240                    56050.000000 47822.2868  14.7%  27.9   45s
H24257 17020                    55552.000000 47822.8742  13.9%  28.0   46s
H24267 16814                    55234.000000 47822.8742  13.4%  28.0   46s
H24309 16377                    54709.000000 47822.8742  12.6%  28.0   46s
H24322 16359                    54687.000000 47822.8742  12.6%  28.0   46s
H24349 16192                    54486.000000 47822.8742  12.2%  28.0   46s
H24403 16000                    54289.000000 47823.0875  11.9%  28.0   46s
H24457 15822                    54028.000000 47823.4620  11.5%  28.1   47s
H24484 15805                    53984.000000 47823.4620  11.4%  28.1   47s
H24511 15807                    53979.000000 47823.7808  11.4%  28.1   47s
H24538 15769                    53889.000000 47823.7808  11.3%  28.1   47s
H24647 15661                    53657.000000 47823.9773  10.9%  28.1   48s
H24674 15595                    53569.000000 47824.2834  10.7%  28.2   48s
H24728 15621                    53564.000000 47824.4166  10.7%  28.3   48s
H24837 15696                    53561.000000 47824.4198  10.7%  28.3   49s
H24838 15689                    53553.000000 47824.6989  10.7%  28.4   49s
H24864 15702                    53543.000000 47824.6989  10.7%  28.4   49s
 24890 15726     cutoff   90      53543.0000 47824.6989  10.7%  28.4   50s
H24892 15157                    53034.000000 47824.6989  9.82%  28.4   50s
H25030 15196                    52993.000000 47825.0382  9.75%  28.5   50s
H25057 15193                    52984.999989 47825.0761  9.74%  28.6   51s
H25084 15075                    52891.000000 47825.0761  9.58%  28.6   51s
H25138 15093                    52869.000000 47825.4763  9.54%  28.6   51s
H25220 14008                    52163.000000 47825.5518  8.32%  28.7   51s
H25247 13913                    52085.000000 47825.5518  8.18%  28.7   51s
H25328 13813                    51978.000000 47825.8993  7.99%  28.8   52s
H25466 13753                    51891.000000 47825.9980  7.83%  28.9   52s
H25601 13689                    51810.000000 47826.3992  7.69%  29.1   53s
H25628 13656                    51789.000000 47826.3992  7.65%  29.1   53s
H25656 13545                    51729.000000 47826.6827  7.54%  29.1   53s
 25959 13751 51192.5234   58  324 51729.0000 47828.0330  7.54%  29.4   55s
 27559 14781 48198.9414   42  539 51729.0000 47835.6188  7.53%  30.9   60s
 29254 15856 51394.5723   65  378 51729.0000 47843.2762  7.51%  32.5   65s
 31121 17140 48575.1292   63  486 51729.0000 47855.1753  7.49%  33.7   70s
 32949 18348 48416.6695   44  621 51729.0000 47867.5709  7.46%  34.7   75s
 34853 19552 48645.3150   58  541 51729.0000 47878.6923  7.44%  35.6   80s
 36654 20650 51253.7670   59  349 51729.0000 47889.7750  7.42%  36.6   85s
 38043 21525 49678.4483   63  471 51729.0000 47897.2368  7.41%  37.2   90s
 39434 22465 48799.7836   50  464 51729.0000 47903.0433  7.40%  37.8   95s
 41138 23547 48246.5931   50  590 51729.0000 47912.4423  7.38%  38.6  100s
H41502 23733                    51705.000000 47914.7360  7.33%  38.7  101s
 42743 24535 50673.5981   66  419 51705.0000 47921.7246  7.32%  39.0  105s
 44446 25578 49988.4896   58  369 51705.0000 47940.4044  7.28%  39.5  110s
 45990 26586 49617.7985   56  442 51705.0000 47950.4351  7.26%  39.9  115s
 47688 27620 48930.7082   68  461 51705.0000 47962.6268  7.24%  40.3  120s
 49169 28505 48810.8645   44  625 51705.0000 47974.3682  7.22%  40.7  125s
 50992 29613 51333.9575   60  369 51705.0000 47994.8851  7.18%  41.1  130s
 52990 30821 49050.8841   51  482 51705.0000 48009.7300  7.15%  41.5  135s
 54951 31985 49367.8702   49  562 51705.0000 48029.8135  7.11%  41.8  140s
 56624 32986 48856.1270   60  517 51705.0000 48047.1724  7.07%  42.1  145s

Cutting planes:
  Gomory: 36
  Cover: 11
  Implied bound: 116
  Clique: 1
  MIR: 1733
  StrongCG: 14
  Flow cover: 40
  Inf proof: 17
  Zero half: 46
  Mod-K: 9
  Relax-and-lift: 14

Explored 57561 nodes (2439943 simplex iterations) in 147.35 seconds (143.55 work units)
Thread count was 1 (of 8 available processors)

Solution count 10: 51705 51729 51789 ... 52891

Solve interrupted
Best objective 5.170500000000e+04, best bound 4.805400000000e+04, gap 7.0612%

Gurobi 10.0.2 (mac64[arm]) logging started Fri Aug 11 00:25:48 2023

Set parameter LogFile to value "evaluations/job_default/array_default/pesp_solver.log"
Gurobi Optimizer version 10.0.2 build v10.0.2rc0 (mac64[arm])

CPU model: Apple M1
Thread count: 8 physical cores, 8 logical processors, using up to 8 threads

Optimize a model with 6755 rows, 4373 columns and 15981 nonzeros
Model fingerprint: 0xff379a36
Variable types: 0 continuous, 4373 integer (0 binary)
Coefficient statistics:
  Matrix range     [1e+00, 6e+01]
  Objective range  [1e+00, 3e+02]
  Bounds range     [0e+00, 0e+00]
  RHS range        [3e+00, 6e+01]
Presolve removed 6257 rows and 3219 columns
Presolve time: 0.01s
Presolved: 498 rows, 1154 columns, 2614 nonzeros
Variable types: 0 continuous, 1154 integer (118 binary)

Root relaxation: objective 4.476900e+04, 492 iterations, 0.00 seconds (0.00 work units)

    Nodes    |    Current Node    |     Objective Bounds      |     Work
 Expl Unexpl |  Obj  Depth IntInf | Incumbent    BestBd   Gap | It/Node Time

     0     0 44769.0000    0  236          - 44769.0000      -     -    0s
     0     0 44844.0000    0  332          - 44844.0000      -     -    0s
     0     0 44844.0000    0  340          - 44844.0000      -     -    0s
     0     0 45151.7146    0  374          - 45151.7146      -     -    0s
     0     0 45151.7146    0  384          - 45151.7146      -     -    0s
     0     0 45212.7157    0  415          - 45212.7157      -     -    0s
     0     0 45257.1981    0  353          - 45257.1981      -     -    0s
     0     0 45261.9508    0  405          - 45261.9508      -     -    0s
     0     0 45261.9508    0  395          - 45261.9508      -     -    0s
     0     0 45342.3387    0  395          - 45342.3387      -     -    0s
     0     0 45342.3387    0  405          - 45342.3387      -     -    0s
     0     0 45402.0076    0  409          - 45402.0076      -     -    0s
     0     0 45408.0769    0  458          - 45408.0769      -     -    0s
     0     0 45408.0769    0  428          - 45408.0769      -     -    0s
     0     0 45455.7738    0  438          - 45455.7738      -     -    0s
     0     0 45589.1317    0  413          - 45589.1317      -     -    0s
     0     0 45598.1757    0  439          - 45598.1757      -     -    0s
     0     0 45598.1757    0  449          - 45598.1757      -     -    0s
     0     0 45668.7300    0  446          - 45668.7300      -     -    0s
     0     0 45675.8838    0  491          - 45675.8838      -     -    0s
     0     0 45675.8838    0  508          - 45675.8838      -     -    0s
     0     0 45699.3336    0  464          - 45699.3336      -     -    0s
     0     0 45699.6821    0  484          - 45699.6821      -     -    0s
     0     0 45706.8478    0  499          - 45706.8478      -     -    0s
     0     0 45706.8478    0  416          - 45706.8478      -     -    0s
     0     2 45708.3945    0  378          - 45708.3945      -     -    0s
 16376 11663 47984.1237   58  379          - 47690.0802      -  14.1    5s
 55327 40509 infeasible  112               - 47690.0802      -  13.7   10s
 115608 85268 infeasible  110               - 47690.0802      -  13.4   15s
*175155 127385             221    60722.000000 47750.0124  21.4%  13.3   19s
H175285 125813                    59355.000000 47750.0124  19.6%  13.3   20s
H175286 125669                    59262.000000 47750.0124  19.4%  13.3   20s
H175287 120969                    57629.000000 47750.0124  17.1%  13.3   20s
H175317 119384                    57275.000000 47750.0124  16.6%  13.3   20s
H175356 119359                    57260.000000 47750.0124  16.6%  13.3   20s
H175361 117061                    56851.000000 47750.0124  16.0%  13.3   20s
H175385 116212                    56709.000000 47750.0124  15.8%  13.3   20s
H175440 115072                    56475.000000 47751.1644  15.4%  13.4   20s
H175674 113737                    56294.000000 47751.7157  15.2%  13.4   20s
H175990 110456                    55877.000000 47752.3824  14.5%  13.4   20s
H176061 109556                    55759.000000 47752.3824  14.4%  13.4   20s
H176137 108241                    55619.000000 47752.3824  14.1%  13.4   20s
H176174 108062                    55600.000000 47752.3824  14.1%  13.4   20s
H176225 107623                    55556.000000 47752.3824  14.0%  13.4   20s
H176310 102601                    55052.000000 47752.3824  13.3%  13.4   20s
H176369 101992                    54987.000000 47753.1363  13.2%  13.4   20s
H176397 101084                    54903.000000 47753.1363  13.0%  13.4   20s
H176398 100937                    54873.000000 47753.1363  13.0%  13.4   20s
H176423 99057                    54715.000000 47753.1363  12.7%  13.4   20s
H176476 98551                    54670.000000 47753.1363  12.7%  13.4   20s
H176625 97707                    54595.000000 47753.1363  12.5%  13.4   20s
H176677 96823                    54507.000000 47754.7567  12.4%  13.4   21s
H176689 96327                    54459.000000 47754.7567  12.3%  13.4   21s
H176701 95378                    54370.000000 47754.7567  12.2%  13.4   21s
H176712 90634                    53946.000000 47754.7567  11.5%  13.4   21s
H176860 89483                    53842.000000 47755.3933  11.3%  13.4   21s
H176932 87537                    53664.000000 47755.5990  11.0%  13.5   21s
H177545 85507                    53438.000000 47755.5990  10.6%  13.5   21s
H177788 85382                    53408.000000 47758.7651  10.6%  13.5   21s
H178176 85025                    53372.000000 47759.6984  10.5%  13.5   21s
H178194 83664                    53253.000000 47759.6984  10.3%  13.6   21s
H178227 85849                    53217.000000 47759.8811  10.3%  13.6   22s
H180247 84863                    53133.000000 47761.1017  10.1%  13.7   22s
H180787 84579                    53106.000000 47761.2270  10.1%  13.8   22s
H182352 83610                    53021.000000 47773.0712  9.90%  13.9   23s
H182354 82740                    52948.000000 47773.0712  9.77%  13.9   23s
H182388 81178                    52809.000000 47773.0712  9.54%  13.9   23s
H182631 80520                    52741.000000 47775.3590  9.42%  13.9   23s
H182750 80363                    52727.000000 47775.3590  9.39%  13.9   23s
H182802 79750                    52599.000000 47775.9972  9.17%  14.0   23s
H184028 79739                    52585.000000 47778.9901  9.14%  14.0   23s
 189242 82992 48673.3304   52  396 52585.0000 47796.5810  9.11%  14.5   25s
H197923 87951                    52581.000000 47828.3150  9.04%  15.1   26s
H197932 87362                    52531.000000 47828.3150  8.95%  15.1   26s
 210098 95229 49867.6726   58  321 52531.0000 47877.0629  8.86%  16.0   30s
 231918 107805 48657.1021   59  442 52531.0000 47939.5260  8.74%  17.4   35s
 252090 120180 48290.5311   46  494 52531.0000 47986.6831  8.65%  18.6   40s
 271850 132267 49270.0915   65  400 52531.0000 48021.1844  8.59%  19.6   45s
 292835 144012 52179.6940   64  326 52531.0000 48056.3198  8.52%  20.4   50s
 312271 156000 infeasible   91      52531.0000 48087.7042  8.46%  21.1   55s
 332588 166890 48770.5041   72  433 52531.0000 48121.1493  8.39%  21.8   60s
 350591 177643 48873.8364   49  458 52531.0000 48146.5080  8.35%  22.3   65s
 370212 188149     cutoff   77      52531.0000 48172.3643  8.30%  22.8   70s
 388282 199318 48932.8767   54  422 52531.0000 48195.8845  8.25%  23.3   75s
 404690 208207 infeasible   47      52531.0000 48214.2340  8.22%  23.6   80s
H408467 209179                    52467.000000 48218.4897  8.10%  23.7   81s
 419249 215265 49036.5102   50  468 52467.0000 48230.3978  8.07%  23.9   85s
H428415 218040                    52339.000000 48239.7018  7.83%  24.1   88s
 432451 220687 infeasible   74      52339.0000 48245.3543  7.82%  24.2   90s
 444831 227437 49541.2429   58  472 52339.0000 48259.0325  7.80%  24.5   95s
 458998 234746 49722.0041   61  417 52339.0000 48271.5893  7.77%  24.8  100s
 474299 242992     cutoff   62      52339.0000 48288.1020  7.74%  25.1  105s
 487917 251150 49889.1403   54  447 52339.0000 48301.3100  7.71%  25.4  110s
 502955 259558 50402.0303   59  400 52339.0000 48318.0371  7.68%  25.6  115s
 517814 267529 48610.1024   52  450 52339.0000 48332.1525  7.66%  25.8  120s
H520643 268191                    52320.000000 48334.6810  7.62%  25.8  120s
H521777 268724                    52319.000000 48335.9846  7.61%  25.9  121s
 532343 275060 49304.3008   57  366 52319.0000 48346.5359  7.59%  26.0  125s
H533121 274275                    52275.000000 48347.2205  7.51%  26.0  125s
 548162 282130     cutoff   63      52275.0000 48361.9097  7.49%  26.2  130s
 560023 289313     cutoff   76      52275.0000 48373.6960  7.46%  26.4  135s
 577707 298373 49201.0778   47  431 52275.0000 48391.1086  7.43%  26.6  140s
 593895 306507 50460.3566   63  324 52275.0000 48405.6057  7.40%  26.8  145s
H604595 311050                    52245.000000 48415.7514  7.33%  26.9  148s
 608739 313361 50505.0792   44  391 52245.0000 48419.3475  7.32%  27.0  150s
 622702 320877 51843.5053   66  284 52245.0000 48431.5899  7.30%  27.1  155s
 637107 328275 49312.3629   51  508 52245.0000 48442.9849  7.28%  27.3  160s
H643594 328397                    52149.000000 48448.2395  7.10%  27.3  162s
 649224 331327 50091.2577   57  507 52149.0000 48452.0294  7.09%  27.4  165s
 661085 339486 51023.5501   60  323 52149.0000 48461.2427  7.07%  27.5  170s
 676065 347438     cutoff   69      52149.0000 48471.3811  7.05%  27.6  175s
 690956 354857 50716.0154   67  355 52149.0000 48482.9136  7.03%  27.7  180s
 704165 360707 49692.7430   60  416 52149.0000 48491.7394  7.01%  27.8  185s
 718633 367771 51669.8831   68  352 52149.0000 48501.5731  6.99%  28.0  190s
 731470 375424 50780.4472   58  426 52149.0000 48510.3088  6.98%  28.1  195s
 738432 379468 51654.4208   67  338 52149.0000 48514.9152  6.97%  28.1  200s
 751136 386862 49165.9250   55  360 52149.0000 48523.5442  6.95%  28.2  205s
 767455 394178 50490.0076   59  358 52149.0000 48533.9276  6.93%  28.3  210s
 782869 402223 49450.6827   55  415 52149.0000 48543.7270  6.91%  28.4  215s
 795725 410710 51464.5738   66  337 52149.0000 48551.2658  6.90%  28.5  220s
 811289 417045 49255.0488   42  439 52149.0000 48560.5629  6.88%  28.5  225s
 824157 424004 49598.1160   55  424 52149.0000 48566.9301  6.87%  28.6  230s
 838656 431804 49220.6295   63  437 52149.0000 48575.0112  6.85%  28.7  235s
 851647 438756 51471.8833   68  266 52149.0000 48582.0993  6.84%  28.7  240s
 865323 445396 49646.6786   53  403 52149.0000 48589.7413  6.83%  28.8  245s
 880373 453363 49399.6756   59  434 52149.0000 48596.8439  6.81%  28.9  250s
 892434 459682 infeasible   75      52149.0000 48603.4565  6.80%  28.9  255s
 906001 466942 49451.2905   54  419 52149.0000 48609.6139  6.79%  29.0  260s
 915541 472769 49679.3568   60  422 52149.0000 48614.1195  6.78%  29.0  265s
 928239 478838 infeasible   97      52149.0000 48620.5095  6.77%  29.1  270s
 940553 486141 49526.8194   51  443 52149.0000 48626.3836  6.75%  29.2  275s
 953432 492284 infeasible   68      52149.0000 48631.3591  6.75%  29.2  280s
 964245 499487 49900.4673   66  397 52149.0000 48636.3749  6.74%  29.3  285s
 978490 505442 49415.4781   59  394 52149.0000 48643.0284  6.72%  29.3  290s
 990441 511723 49511.6347   53  478 52149.0000 48648.7206  6.71%  29.4  295s
 1002793 518076     cutoff   59      52149.0000 48654.1656  6.70%  29.4  300s

Cutting planes:
  Gomory: 143
  Cover: 23
  Implied bound: 194
  Projected implied bound: 2
  Clique: 1
  MIR: 1336
  StrongCG: 23
  Flow cover: 49
  Inf proof: 192
  Zero half: 56
  Mod-K: 1
  Relax-and-lift: 30

Explored 1002883 nodes (29518179 simplex iterations) in 300.01 seconds (289.35 work units)
Thread count was 8 (of 8 available processors)

Solution count 10: 52149 52245 52275 ... 52585

Time limit reached
Best objective 5.214900000000e+04, best bound 4.865500000000e+04, gap 6.7000%
